<?xml version="1.0" encoding="UTF-8"?>
<testsuite xmlns:xsi="http://www.w3.org/2001/XMLSchema-instance" xsi:noNamespaceSchemaLocation="https://maven.apache.org/surefire/maven-surefire-plugin/xsd/surefire-test-report-3.0.xsd" version="3.0" name="edu.praktikum.sprint3.CalculatorTest" time="0.018" tests="6" errors="0" skipped="0" failures="0">
  <properties>
[...]
</properties>
  <testcase name="testSumWithNegativeNumbersShouldReturnCorrectSum" classname="edu.praktikum.sprint3.CalculatorTest" time="0.007"/>
  <testcase name="testSumWithTwoZerosShouldReturnZero" classname="edu.praktikum.sprint3.CalculatorTest" time="0"/>
  <testcase name="testSumWithPositiveNumbersShouldReturnCorrectSum" classname="edu.praktikum.sprint3.CalculatorTest" time="0"/>
  <testcase name="testSumWithLargeNumbersShouldReturnCorrectSum" classname="edu.praktikum.sprint3.CalculatorTest" time="0.001"/>
  <testcase name="testSumWithPositiveAndNegativeNumberShouldReturnCorrectSum" classname="edu.praktikum.sprint3.CalculatorTest" time="0.001"/>
  <testcase name="testSumWithZeroShouldReturnSameNumber" classname="edu.praktikum.sprint3.CalculatorTest" time="0"/>
</testsuite>